<?xml version="1.0" encoding="UTF-8"?>
<!-- Generated by org.testng.reporters.JUnitReportReporter -->
<testsuite skipped="0" hostname="pc" name="steps_defination.RunTests" tests="2" failures="0" timestamp="17 十二月 2019 13:52:09 GMT" time="21.052" errors="0">
  <testcase name="feature" time="21.045" classname="steps_defination.RunTests"/>
  <testcase name="feature" time="0.007" classname="steps_defination.RunTests"/>
</testsuite> <!-- steps_defination.RunTests -->
